Base path: '/Applications/Unity/Hub/Editor/2019.3.15f1/Unity.app/Contents', plugins path '/Applications/Unity/Hub/Editor/2019.3.15f1/PlaybackEngines'
Cmd: initializeCompiler
Cmd: compileComputeKernel
  api=14 insize=16804 outsize=12944 ok=1
Cmd: compileComputeKernel
  api=14 insize=21596 outsize=103907 ok=1
Cmd: compileComputeKernel
  api=14 insize=848 outsize=650 ok=1
Cmd: translateComputeKernel
  api=14 insize=632 outsize=520 ok=1
Cmd: translateComputeKernel
  api=14 insize=13169 outsize=16815 ok=1
Cmd: translateComputeKernel
  api=14 insize=12871 outsize=15132 ok=1
Cmd: compileComputeKernel
  api=14 insize=9809 outsize=17996 ok=1
Cmd: compileComputeKernel
  api=14 insize=9809 outsize=18177 ok=1
Cmd: translateComputeKernel
  api=14 insize=13529 outsize=16839 ok=1
Cmd: translateComputeKernel
  api=14 insize=13621 outsize=16984 ok=1
Cmd: translateComputeKernel
  api=14 insize=15871 outsize=20755 ok=1
Cmd: compileComputeKernel
  api=14 insize=569 outsize=813 ok=1
Cmd: compileComputeKernel
  api=14 insize=4823 outsize=11302 ok=1
Cmd: translateComputeKernel
  api=14 insize=1667 outsize=1771 ok=1
Cmd: translateComputeKernel
  api=14 insize=1672 outsize=1758 ok=1
Cmd: translateComputeKernel
  api=14 insize=1360 outsize=1314 ok=1
Cmd: compileComputeKernel
  api=14 insize=1372 outsize=1424 ok=1
Cmd: translateComputeKernel
  api=14 insize=1373 outsize=1510 ok=1
Cmd: compileComputeKernel
  api=14 insize=2617 outsize=9317 ok=1
Cmd: translateComputeKernel
  api=14 insize=9411 outsize=10687 ok=1
Cmd: compileComputeKernel
  api=14 insize=3111 outsize=814 ok=1
Cmd: compileComputeKernel
  api=14 insize=40264 outsize=55823 ok=1
Cmd: compileComputeKernel
  api=14 insize=40264 outsize=53825 ok=1
Cmd: translateComputeKernel
  api=14 insize=53459 outsize=111045 ok=1
Cmd: translateComputeKernel
  api=14 insize=52988 outsize=109375 ok=1
Cmd: compileComputeKernel
  api=14 insize=3450 outsize=9668 ok=1
Cmd: translateComputeKernel
  api=14 insize=9668 outsize=11669 ok=1
Cmd: compileComputeKernel
  api=14 insize=22295 outsize=17670 ok=1
Cmd: translateComputeKernel
  api=14 insize=15973 outsize=32752 ok=1
Cmd: translateComputeKernel
  api=14 insize=16140 outsize=26208 ok=1
Cmd: compileComputeKernel
  api=14 insize=8233 outsize=14545 ok=1
Cmd: translateComputeKernel
  api=14 insize=1377 outsize=1032 ok=1
Cmd: compileComputeKernel
  api=14 insize=6119 outsize=11809 ok=1
Cmd: translateComputeKernel
  api=14 insize=11442 outsize=14377 ok=1
Cmd: translateComputeKernel
  api=14 insize=2645 outsize=3670 ok=1
Cmd: compileComputeKernel
  api=14 insize=6745 outsize=1179 ok=1
Cmd: compileComputeKernel
  api=14 insize=6745 outsize=1375 ok=1
Cmd: compileComputeKernel
  api=14 insize=6745 outsize=13470 ok=1
Cmd: translateComputeKernel
  api=14 insize=9901 outsize=11438 ok=1
Cmd: translateComputeKernel
  api=14 insize=1403 outsize=1430 ok=1
Cmd: compileComputeKernel
  api=14 insize=9103 outsize=3862 ok=1
Cmd: translateComputeKernel
  api=14 insize=4975 outsize=8582 ok=1
Cmd: compileComputeKernel
  api=14 insize=26542 outsize=17469 ok=1
Cmd: translateComputeKernel
  api=14 insize=17711 outsize=34586 ok=1
Cmd: compileComputeKernel
  api=14 insize=16295 outsize=140535 ok=1
Cmd: compileComputeKernel
  api=14 insize=16295 outsize=61787 ok=1
Cmd: compileComputeKernel
  api=14 insize=16295 outsize=87368 ok=1
Cmd: compileComputeKernel
  api=14 insize=16295 outsize=51351 ok=1
Cmd: compileComputeKernel
  api=14 insize=16295 outsize=68944 ok=1
Cmd: translateComputeKernel
  api=14 insize=28094 outsize=45894 ok=1
Cmd: translateComputeKernel
  api=14 insize=46786 outsize=87165 ok=1
Cmd: translateComputeKernel
  api=14 insize=58110 outsize=119876 ok=1
Cmd: translateComputeKernel
  api=14 insize=66326 outsize=139732 ok=1
Cmd: translateComputeKernel
  api=14 insize=49191 outsize=91866 ok=1
Cmd: translateComputeKernel
  api=14 insize=88461 outsize=190504 ok=1
Cmd: translateComputeKernel
  api=14 insize=67724 outsize=138579 ok=1
Cmd: translateComputeKernel
  api=14 insize=26971 outsize=43508 ok=1
Cmd: translateComputeKernel
  api=14 insize=28105 outsize=45905 ok=1
Cmd: translateComputeKernel
  api=14 insize=53601 outsize=105077 ok=1
Cmd: translateComputeKernel
  api=14 insize=61724 outsize=124963 ok=1
Cmd: translateComputeKernel
  api=14 insize=50686 outsize=97876 ok=1
Cmd: translateComputeKernel
  api=14 insize=102296 outsize=230560 ok=1
Cmd: compileComputeKernel
  api=14 insize=3697 outsize=3666 ok=1
Cmd: compileComputeKernel
  api=14 insize=5893 outsize=1413 ok=1
Cmd: compileComputeKernel
  api=14 insize=3922 outsize=4981 ok=1
Cmd: translateComputeKernel
  api=14 insize=4912 outsize=8999 ok=1
Cmd: compileComputeKernel
  api=14 insize=12177 outsize=2075 ok=1
Cmd: translateComputeKernel
  api=14 insize=2002 outsize=2317 ok=1
Cmd: compileComputeKernel
  api=14 insize=11069 outsize=19249 ok=1
Cmd: translateComputeKernel
  api=14 insize=19287 outsize=29987 ok=1
Cmd: compileComputeKernel
  api=14 insize=13959 outsize=4410 ok=1
Cmd: translateComputeKernel
  api=14 insize=4144 outsize=7369 ok=1
Cmd: translateComputeKernel
  api=14 insize=10282 outsize=11966 ok=1
Cmd: initializeCompiler
Cmd: initializeCompiler
Cmd: translateComputeKernel
  api=14 insize=12944 outsize=22482 ok=1
Cmd: compileComputeKernel
  api=14 insize=9615 outsize=4466 ok=1
Cmd: translateComputeKernel
  api=14 insize=4569 outsize=7187 ok=1
Cmd: compileComputeKernel
  api=14 insize=9809 outsize=15600 ok=1
Cmd: compileComputeKernel
  api=14 insize=9809 outsize=14619 ok=1
Cmd: translateComputeKernel
  api=14 insize=15778 outsize=20678 ok=1
Cmd: translateComputeKernel
  api=14 insize=14774 outsize=18907 ok=1
Cmd: compileComputeKernel
  api=14 insize=569 outsize=813 ok=1
Cmd: compileComputeKernel
  api=14 insize=4823 outsize=1473 ok=1
Cmd: compileComputeKernel
  api=14 insize=4823 outsize=1166 ok=1
Cmd: translateComputeKernel
  api=14 insize=11307 outsize=13546 ok=1
Cmd: compileComputeKernel
  api=14 insize=2770 outsize=2550 ok=1
Cmd: compileComputeKernel
  api=14 insize=2617 outsize=9317 ok=1
Cmd: translateComputeKernel
  api=14 insize=2800 outsize=4891 ok=1
Cmd: compileComputeKernel
  api=14 insize=40264 outsize=53825 ok=1
Cmd: compileComputeKernel
  api=14 insize=40264 outsize=52987 ok=1
Cmd: translateComputeKernel
  api=14 insize=56001 outsize=115264 ok=1
Cmd: translateComputeKernel
  api=14 insize=54257 outsize=112236 ok=1
Cmd: compileComputeKernel
  api=14 insize=3450 outsize=9668 ok=1
Cmd: translateComputeKernel
  api=14 insize=9528 outsize=11479 ok=1
Cmd: compileComputeKernel
  api=14 insize=22295 outsize=17022 ok=1
Cmd: translateComputeKernel
  api=14 insize=16621 outsize=34006 ok=1
Cmd: compileComputeKernel
  api=14 insize=9735 outsize=10545 ok=1
Cmd: translateComputeKernel
  api=14 insize=10801 outsize=16566 ok=1
Cmd: compileComputeKernel
  api=14 insize=8233 outsize=10441 ok=1
Cmd: compileComputeKernel
  api=14 insize=6119 outsize=11299 ok=1
Cmd: translateComputeKernel
  api=14 insize=11198 outsize=13666 ok=1
Cmd: compileComputeKernel
  api=14 insize=3095 outsize=2640 ok=1
Cmd: compileComputeKernel
  api=14 insize=6745 outsize=11530 ok=1
Cmd: compileComputeKernel
  api=14 insize=6745 outsize=1823 ok=1
Cmd: translateComputeKernel
  api=14 insize=13381 outsize=17354 ok=1
Cmd: compileComputeKernel
  api=14 insize=26542 outsize=17711 ok=1
Cmd: translateComputeKernel
  api=14 insize=18125 outsize=35186 ok=1
Cmd: compileComputeKernel
  api=14 insize=16295 outsize=26343 ok=1
Cmd: compileComputeKernel
  api=14 insize=16295 outsize=45889 ok=1
Cmd: compileComputeKernel
  api=14 insize=16295 outsize=57327 ok=1
Cmd: compileComputeKernel
  api=14 insize=16295 outsize=65828 ok=1
Cmd: compileComputeKernel
  api=14 insize=16295 outsize=48294 ok=1
Cmd: compileComputeKernel
  api=14 insize=16295 outsize=53171 ok=1
Cmd: compileComputeKernel
  api=14 insize=16295 outsize=63587 ok=1
Cmd: compileComputeKernel
  api=14 insize=16295 outsize=26354 ok=1
Cmd: compileComputeKernel
  api=14 insize=16295 outsize=66339 ok=1
Cmd: compileComputeKernel
  api=14 insize=16295 outsize=50112 ok=1
Cmd: compileComputeKernel
  api=14 insize=16295 outsize=49935 ok=1
Cmd: compileComputeKernel
  api=14 insize=16295 outsize=76592 ok=1
Cmd: compileComputeKernel
  api=14 insize=16295 outsize=124252 ok=1
Cmd: translateComputeKernel
  api=14 insize=51804 outsize=99434 ok=1
Cmd: translateComputeKernel
  api=14 insize=85756 outsize=185335 ok=1
Cmd: translateComputeKernel
  api=14 insize=54509 outsize=104994 ok=1
Cmd: translateComputeKernel
  api=14 insize=62644 outsize=124769 ok=1
Cmd: translateComputeKernel
  api=14 insize=75372 outsize=156968 ok=1
Cmd: translateComputeKernel
  api=14 insize=67724 outsize=138579 ok=1
Cmd: translateComputeKernel
  api=14 insize=26971 outsize=43508 ok=1
Cmd: translateComputeKernel
  api=14 insize=28105 outsize=45905 ok=1
Cmd: translateComputeKernel
  api=14 insize=36133 outsize=63673 ok=1
Cmd: translateComputeKernel
  api=14 insize=67400 outsize=140027 ok=1
Cmd: translateComputeKernel
  api=14 insize=60027 outsize=126030 ok=1
Cmd: translateComputeKernel
  api=14 insize=56330 outsize=110492 ok=1
Cmd: translateComputeKernel
  api=14 insize=69841 outsize=144630 ok=1
Cmd: translateComputeKernel
  api=14 insize=101154 outsize=222148 ok=1
Cmd: translateComputeKernel
  api=14 insize=1525 outsize=1410 ok=1
Cmd: translateComputeKernel
  api=14 insize=10077 outsize=11651 ok=1
Cmd: compileComputeKernel
  api=14 insize=12177 outsize=1717 ok=1
Cmd: compileComputeKernel
  api=14 insize=1977 outsize=11292 ok=1
Cmd: translateComputeKernel
  api=14 insize=9919 outsize=11354 ok=1
Cmd: compileComputeKernel
  api=14 insize=7589 outsize=1541 ok=1
Cmd: translateComputeKernel
  api=14 insize=1870 outsize=2326 ok=1
Cmd: translateComputeKernel
  api=14 insize=702 outsize=323 ok=1
Cmd: compileComputeKernel
  api=14 insize=10587 outsize=16462 ok=1

Quitting shader compiler process
