Base path: '/Applications/Unity/Hub/Editor/2019.3.15f1/Unity.app/Contents', plugins path '/Applications/Unity/Hub/Editor/2019.3.15f1/PlaybackEngines'
Cmd: initializeCompiler
Cmd: compileComputeKernel
  api=14 insize=16804 outsize=12101 ok=1
Cmd: translateComputeKernel
  api=14 insize=36184 outsize=70105 ok=1
Cmd: compileComputeKernel
  api=14 insize=9615 outsize=4466 ok=1
Cmd: translateComputeKernel
  api=14 insize=1126 outsize=861 ok=1
Cmd: compileComputeKernel
  api=14 insize=9809 outsize=14357 ok=1
Cmd: compileComputeKernel
  api=14 insize=9809 outsize=14610 ok=1
Cmd: translateComputeKernel
  api=14 insize=15684 outsize=20544 ok=1
Cmd: translateComputeKernel
  api=14 insize=14774 outsize=18907 ok=1
Cmd: compileComputeKernel
  api=14 insize=17994 outsize=18085 ok=1
Cmd: compileComputeKernel
  api=14 insize=4823 outsize=12034 ok=1
Cmd: translateComputeKernel
  api=14 insize=1340 outsize=1319 ok=1
Cmd: translateComputeKernel
  api=14 insize=1345 outsize=1311 ok=1
Cmd: translateComputeKernel
  api=14 insize=1312 outsize=1327 ok=1
Cmd: compileComputeKernel
  api=14 insize=2770 outsize=2637 ok=1
Cmd: translateComputeKernel
  api=14 insize=2632 outsize=6216 ok=1
Cmd: compileComputeKernel
  api=14 insize=259 outsize=1084 ok=1
Cmd: compileComputeKernel
  api=14 insize=40264 outsize=54969 ok=1
Cmd: compileComputeKernel
  api=14 insize=40264 outsize=52987 ok=1
Cmd: translateComputeKernel
  api=14 insize=56001 outsize=115264 ok=1
Cmd: translateComputeKernel
  api=14 insize=54257 outsize=112236 ok=1
Cmd: compileComputeKernel
  api=14 insize=22295 outsize=15931 ok=1
Cmd: translateComputeKernel
  api=14 insize=17670 outsize=36068 ok=1
Cmd: compileComputeKernel
  api=14 insize=3718 outsize=1874 ok=1
Cmd: compileComputeKernel
  api=14 insize=9735 outsize=10545 ok=1
Cmd: compileComputeKernel
  api=14 insize=7840 outsize=41619 ok=1
Cmd: compileComputeKernel
  api=14 insize=8233 outsize=1327 ok=1
Cmd: translateComputeKernel
  api=14 insize=907 outsize=529 ok=1
Cmd: compileComputeKernel
  api=14 insize=6119 outsize=11442 ok=1
Cmd: translateComputeKernel
  api=14 insize=10908 outsize=13316 ok=1
Cmd: compileComputeKernel
  api=14 insize=6745 outsize=11530 ok=1
Cmd: compileComputeKernel
  api=14 insize=6745 outsize=1823 ok=1
Cmd: translateComputeKernel
  api=14 insize=11362 outsize=14213 ok=1
Cmd: translateComputeKernel
  api=14 insize=11451 outsize=14244 ok=1
Cmd: compileComputeKernel
  api=14 insize=26542 outsize=15663 ok=1
Cmd: compileComputeKernel
  api=14 insize=26542 outsize=18087 ok=1
Cmd: translateComputeKernel
  api=14 insize=17510 outsize=34190 ok=1
Cmd: compileComputeKernel
  api=14 insize=16295 outsize=25020 ok=1
Cmd: compileComputeKernel
  api=14 insize=16295 outsize=64046 ok=1
Cmd: compileComputeKernel
  api=14 insize=16295 outsize=74259 ok=1
Cmd: compileComputeKernel
  api=14 insize=16295 outsize=53367 ok=1
Cmd: compileComputeKernel
  api=14 insize=16295 outsize=61787 ok=1
Cmd: compileComputeKernel
  api=14 insize=16295 outsize=97880 ok=1
Cmd: compileComputeKernel
  api=14 insize=16295 outsize=101882 ok=1
Cmd: translateComputeKernel
  api=14 insize=26960 outsize=43497 ok=1
Cmd: translateComputeKernel
  api=14 insize=65107 outsize=133775 ok=1
Cmd: translateComputeKernel
  api=14 insize=74997 outsize=157103 ok=1
Cmd: translateComputeKernel
  api=14 insize=67572 outsize=138421 ok=1
Cmd: translateComputeKernel
  api=14 insize=54313 outsize=104795 ok=1
Cmd: translateComputeKernel
  api=14 insize=50535 outsize=96091 ok=1
Cmd: translateComputeKernel
  api=14 insize=64444 outsize=129466 ok=1
Cmd: translateComputeKernel
  api=14 insize=62644 outsize=124864 ok=1
Cmd: translateComputeKernel
  api=14 insize=36133 outsize=63673 ok=1
Cmd: translateComputeKernel
  api=14 insize=67400 outsize=140027 ok=1
Cmd: translateComputeKernel
  api=14 insize=77322 outsize=163958 ok=1
Cmd: translateComputeKernel
  api=14 insize=56086 outsize=110356 ok=1
Cmd: translateComputeKernel
  api=14 insize=66273 outsize=135123 ok=1
Cmd: translateComputeKernel
  api=14 insize=64429 outsize=130380 ok=1
Cmd: translateComputeKernel
  api=14 insize=4102 outsize=7116 ok=1
Cmd: compileComputeKernel
  api=14 insize=12177 outsize=1717 ok=1
Cmd: compileComputeKernel
  api=14 insize=3447 outsize=10763 ok=1
Cmd: compileComputeKernel
  api=14 insize=7589 outsize=1870 ok=1
Cmd: translateComputeKernel
  api=14 insize=7010 outsize=13541 ok=1
Cmd: compileComputeKernel
  api=14 insize=13959 outsize=3959 ok=1
Cmd: compileComputeKernel
  api=14 insize=10587 outsize=18460 ok=1
Cmd: translateComputeKernel
  api=14 insize=18460 outsize=27603 ok=1
Cmd: initializeCompiler
Cmd: compileSnippet
  api=14 type=1 insize=7331 outsize=1947 kw=UNITY_PASS_MOTIONVECTORS _NORMALMAP_TANGENT_SPACE pd=UNITY_ENABLE_REFLECTION_BUFFERS UNITY_USE_DITHER_MASK_FOR_ALPHABLENDED_SHADOWS UNITY_PBS_USE_BRDF1 UNITY_SPECCUBE_BOX_PROJECTION UNITY_SPECCUBE_BLENDING UNITY_ENABLE_DETAIL_NORMALMAP SHADER_API_DESKTOP UNITY_LIGHT_PROBE_PROXY_VOLUME UNITY_LIGHTMAP_FULL_HDR ok=1
Cmd: initializeCompiler
Cmd: translateComputeKernel
  api=14 insize=10629 outsize=17487 ok=1
Cmd: translateComputeKernel
  api=14 insize=36184 outsize=70105 ok=1
Cmd: compileComputeKernel
  api=14 insize=9615 outsize=4412 ok=1
Cmd: translateComputeKernel
  api=14 insize=1126 outsize=861 ok=1
Cmd: compileComputeKernel
  api=14 insize=9809 outsize=14526 ok=1
Cmd: compileComputeKernel
  api=14 insize=9809 outsize=15781 ok=1
Cmd: translateComputeKernel
  api=14 insize=16903 outsize=22768 ok=1
Cmd: translateComputeKernel
  api=14 insize=17084 outsize=23079 ok=1
Cmd: translateComputeKernel
  api=14 insize=17192 outsize=26364 ok=1
Cmd: compileComputeKernel
  api=14 insize=4823 outsize=1146 ok=1
Cmd: compileComputeKernel
  api=14 insize=4823 outsize=11244 ok=1
Cmd: translateComputeKernel
  api=14 insize=12034 outsize=14905 ok=1
Cmd: translateComputeKernel
  api=14 insize=2632 outsize=6216 ok=1
Cmd: compileComputeKernel
  api=14 insize=3111 outsize=814 ok=1
Cmd: compileComputeKernel
  api=14 insize=40264 outsize=52987 ok=1
Cmd: compileComputeKernel
  api=14 insize=40264 outsize=54969 ok=1
Cmd: translateComputeKernel
  api=14 insize=55187 outsize=114243 ok=1
Cmd: translateComputeKernel
  api=14 insize=53459 outsize=111045 ok=1
Cmd: compileComputeKernel
  api=14 insize=3450 outsize=9668 ok=1
Cmd: translateComputeKernel
  api=14 insize=9668 outsize=11669 ok=1
Cmd: compileComputeKernel
  api=14 insize=22295 outsize=17670 ok=1
Cmd: translateComputeKernel
  api=14 insize=17099 outsize=34854 ok=1
Cmd: compileComputeKernel
  api=14 insize=7840 outsize=45391 ok=1
Cmd: translateComputeKernel
  api=14 insize=16960 outsize=24589 ok=1
Cmd: translateComputeKernel
  api=14 insize=1377 outsize=1032 ok=1
Cmd: compileComputeKernel
  api=14 insize=6119 outsize=10807 ok=1
Cmd: translateComputeKernel
  api=14 insize=11809 outsize=14907 ok=1
Cmd: compileComputeKernel
  api=14 insize=6745 outsize=9901 ok=1
Cmd: compileComputeKernel
  api=14 insize=6745 outsize=10561 ok=1
Cmd: compileComputeKernel
  api=14 insize=6745 outsize=1248 ok=1
Cmd: translateComputeKernel
  api=14 insize=10081 outsize=11906 ok=1
Cmd: translateComputeKernel
  api=14 insize=9970 outsize=11525 ok=1
Cmd: translateComputeKernel
  api=14 insize=11451 outsize=14244 ok=1
Cmd: compileComputeKernel
  api=14 insize=8512 outsize=2428 ok=1
Cmd: translateComputeKernel
  api=14 insize=9090 outsize=10309 ok=1
Cmd: compileComputeKernel
  api=14 insize=26542 outsize=17469 ok=1
Cmd: translateComputeKernel
  api=14 insize=17711 outsize=34586 ok=1
Cmd: compileComputeKernel
  api=14 insize=16295 outsize=137906 ok=1
Cmd: compileComputeKernel
  api=14 insize=16295 outsize=53311 ok=1
Cmd: compileComputeKernel
  api=14 insize=16295 outsize=121711 ok=1
Cmd: compileComputeKernel
  api=14 insize=16295 outsize=100381 ok=1
Cmd: translateComputeKernel
  api=14 insize=36122 outsize=63662 ok=1
Cmd: translateComputeKernel
  api=14 insize=59923 outsize=119525 ok=1
Cmd: translateComputeKernel
  api=14 insize=49017 outsize=92596 ok=1
Cmd: translateComputeKernel
  api=14 insize=99731 outsize=223326 ok=1
Cmd: translateComputeKernel
  api=14 insize=98653 outsize=215220 ok=1
Cmd: translateComputeKernel
  api=14 insize=68147 outsize=145568 ok=1
Cmd: translateComputeKernel
  api=14 insize=50832 outsize=96526 ok=1
Cmd: translateComputeKernel
  api=14 insize=77653 outsize=163525 ok=1
Cmd: translateComputeKernel
  api=14 insize=90898 outsize=197304 ok=1
Cmd: compileComputeKernel
  api=14 insize=5893 outsize=1413 ok=1
Cmd: compileComputeKernel
  api=14 insize=3922 outsize=4981 ok=1
Cmd: compileComputeKernel
  api=14 insize=12177 outsize=2075 ok=1
Cmd: translateComputeKernel
  api=14 insize=2002 outsize=2317 ok=1
Cmd: compileComputeKernel
  api=14 insize=11069 outsize=19249 ok=1
Cmd: translateComputeKernel
  api=14 insize=19287 outsize=29987 ok=1
Cmd: compileComputeKernel
  api=14 insize=7589 outsize=1881 ok=1
Cmd: translateComputeKernel
  api=14 insize=1881 outsize=2337 ok=1
Cmd: compileComputeKernel
  api=14 insize=13959 outsize=3959 ok=1
Cmd: translateComputeKernel
  api=14 insize=3435 outsize=5232 ok=1
Cmd: translateComputeKernel
  api=14 insize=16696 outsize=24706 ok=1

Quitting shader compiler process
