Base path: '/Applications/Unity/Hub/Editor/2019.3.15f1/Unity.app/Contents', plugins path '/Applications/Unity/Hub/Editor/2019.3.15f1/PlaybackEngines'
Cmd: initializeCompiler
Cmd: compileComputeKernel
  api=14 insize=16804 outsize=10405 ok=1
Cmd: compileComputeKernel
  api=14 insize=21596 outsize=103912 ok=1
Cmd: translateComputeKernel
  api=14 insize=36179 outsize=70100 ok=1
Cmd: compileComputeKernel
  api=14 insize=9615 outsize=851 ok=1
Cmd: translateComputeKernel
  api=14 insize=4569 outsize=7187 ok=1
Cmd: compileComputeKernel
  api=14 insize=9809 outsize=13290 ok=1
Cmd: compileComputeKernel
  api=14 insize=9809 outsize=13382 ok=1
Cmd: translateComputeKernel
  api=14 insize=17996 outsize=24622 ok=1
Cmd: compileComputeKernel
  api=14 insize=17994 outsize=18085 ok=1
Cmd: compileComputeKernel
  api=14 insize=4823 outsize=1146 ok=1
Cmd: compileComputeKernel
  api=14 insize=4823 outsize=1166 ok=1
Cmd: translateComputeKernel
  api=14 insize=11307 outsize=13546 ok=1
Cmd: compileComputeKernel
  api=14 insize=1372 outsize=1246 ok=1
Cmd: compileComputeKernel
  api=14 insize=2770 outsize=2550 ok=1
Cmd: compileComputeKernel
  api=14 insize=40264 outsize=56589 ok=1
Cmd: compileComputeKernel
  api=14 insize=40264 outsize=56589 ok=1
Cmd: translateComputeKernel
  api=14 insize=56716 outsize=116550 ok=1
Cmd: translateComputeKernel
  api=14 insize=57466 outsize=119063 ok=1
Cmd: compileComputeKernel
  api=14 insize=3450 outsize=9528 ok=1
Cmd: translateComputeKernel
  api=14 insize=9668 outsize=11669 ok=1
Cmd: compileComputeKernel
  api=14 insize=22295 outsize=17057 ok=1
Cmd: translateComputeKernel
  api=14 insize=17022 outsize=34814 ok=1
Cmd: compileComputeKernel
  api=14 insize=9735 outsize=9986 ok=1
Cmd: translateComputeKernel
  api=14 insize=41619 outsize=68860 ok=1
Cmd: translateComputeKernel
  api=14 insize=14618 outsize=25358 ok=1
Cmd: compileComputeKernel
  api=14 insize=6119 outsize=10908 ok=1
Cmd: translateComputeKernel
  api=14 insize=11299 outsize=13899 ok=1
Cmd: compileComputeKernel
  api=14 insize=6745 outsize=10492 ok=1
Cmd: compileComputeKernel
  api=14 insize=6745 outsize=10170 ok=1
Cmd: compileComputeKernel
  api=14 insize=6745 outsize=1403 ok=1
Cmd: translateComputeKernel
  api=14 insize=10081 outsize=11906 ok=1
Cmd: translateComputeKernel
  api=14 insize=10561 outsize=12482 ok=1
Cmd: translateComputeKernel
  api=14 insize=1558 outsize=1747 ok=1
Cmd: compileComputeKernel
  api=14 insize=9103 outsize=5006 ok=1
Cmd: translateComputeKernel
  api=14 insize=3900 outsize=7119 ok=1
Cmd: compileComputeKernel
  api=14 insize=26542 outsize=16225 ok=1
Cmd: compileComputeKernel
  api=14 insize=26542 outsize=18329 ok=1
Cmd: translateComputeKernel
  api=14 insize=15750 outsize=30983 ok=1
Cmd: compileComputeKernel
  api=14 insize=16295 outsize=50662 ok=1
Cmd: compileComputeKernel
  api=14 insize=16295 outsize=84983 ok=1
Cmd: compileComputeKernel
  api=14 insize=16295 outsize=66511 ok=1
Cmd: compileComputeKernel
  api=14 insize=16295 outsize=49638 ok=1
Cmd: compileComputeKernel
  api=14 insize=16295 outsize=53311 ok=1
Cmd: compileComputeKernel
  api=14 insize=16295 outsize=87636 ok=1
Cmd: compileComputeKernel
  api=14 insize=16295 outsize=49935 ok=1
Cmd: compileComputeKernel
  api=14 insize=16295 outsize=54944 ok=1
Cmd: compileComputeKernel
  api=14 insize=16295 outsize=100381 ok=1
Cmd: translateComputeKernel
  api=14 insize=51804 outsize=99434 ok=1
Cmd: translateComputeKernel
  api=14 insize=85756 outsize=185335 ok=1
Cmd: translateComputeKernel
  api=14 insize=54509 outsize=104994 ok=1
Cmd: translateComputeKernel
  api=14 insize=62644 outsize=124769 ok=1
Cmd: translateComputeKernel
  api=14 insize=75372 outsize=156968 ok=1
Cmd: translateComputeKernel
  api=14 insize=54453 outsize=104791 ok=1
Cmd: translateComputeKernel
  api=14 insize=88409 outsize=190539 ok=1
Cmd: translateComputeKernel
  api=14 insize=60027 outsize=126030 ok=1
Cmd: translateComputeKernel
  api=14 insize=56330 outsize=110492 ok=1
Cmd: translateComputeKernel
  api=14 insize=50832 outsize=96526 ok=1
Cmd: translateComputeKernel
  api=14 insize=77653 outsize=163525 ok=1
Cmd: translateComputeKernel
  api=14 insize=90898 outsize=197304 ok=1
Cmd: translateComputeKernel
  api=14 insize=1525 outsize=1410 ok=1
Cmd: compileComputeKernel
  api=14 insize=7589 outsize=1881 ok=1
Cmd: translateComputeKernel
  api=14 insize=10906 outsize=13452 ok=1
Cmd: compileComputeKernel
  api=14 insize=10587 outsize=16462 ok=1
Cmd: initializeCompiler
Cmd: compileSnippet
  api=14 type=0 insize=7443 outsize=6660 kw=_NORMALMAP_TANGENT_SPACE pd=UNITY_ENABLE_REFLECTION_BUFFERS UNITY_USE_DITHER_MASK_FOR_ALPHABLENDED_SHADOWS UNITY_PBS_USE_BRDF1 UNITY_SPECCUBE_BOX_PROJECTION UNITY_SPECCUBE_BLENDING UNITY_ENABLE_DETAIL_NORMALMAP SHADER_API_DESKTOP UNITY_LIGHT_PROBE_PROXY_VOLUME UNITY_LIGHTMAP_FULL_HDR ok=1
Cmd: compileSnippet
  api=14 type=0 insize=7331 outsize=9056 kw=UNITY_PASS_MOTIONVECTORS _NORMALMAP_TANGENT_SPACE pd=UNITY_ENABLE_REFLECTION_BUFFERS UNITY_USE_DITHER_MASK_FOR_ALPHABLENDED_SHADOWS UNITY_PBS_USE_BRDF1 UNITY_SPECCUBE_BOX_PROJECTION UNITY_SPECCUBE_BLENDING UNITY_ENABLE_DETAIL_NORMALMAP SHADER_API_DESKTOP UNITY_LIGHT_PROBE_PROXY_VOLUME UNITY_LIGHTMAP_FULL_HDR ok=1
Cmd: initializeCompiler
Cmd: compileComputeKernel
  api=14 insize=21596 outsize=103907 ok=1
Cmd: translateComputeKernel
  api=14 insize=36179 outsize=70100 ok=1
Cmd: compileComputeKernel
  api=14 insize=9615 outsize=13101 ok=1
Cmd: compileComputeKernel
  api=14 insize=9809 outsize=17996 ok=1
Cmd: compileComputeKernel
  api=14 insize=9809 outsize=18177 ok=1
Cmd: translateComputeKernel
  api=14 insize=13529 outsize=16839 ok=1
Cmd: translateComputeKernel
  api=14 insize=13621 outsize=16984 ok=1
Cmd: translateComputeKernel
  api=14 insize=15871 outsize=20755 ok=1
Cmd: translateComputeKernel
  api=14 insize=18134 outsize=28882 ok=1
Cmd: compileComputeKernel
  api=14 insize=4823 outsize=11307 ok=1
Cmd: translateComputeKernel
  api=14 insize=1667 outsize=1771 ok=1
Cmd: translateComputeKernel
  api=14 insize=1672 outsize=1758 ok=1
Cmd: translateComputeKernel
  api=14 insize=1345 outsize=1311 ok=1
Cmd: compileComputeKernel
  api=14 insize=40264 outsize=56589 ok=1
Cmd: compileComputeKernel
  api=14 insize=40264 outsize=57379 ok=1
Cmd: translateComputeKernel
  api=14 insize=52154 outsize=108369 ok=1
Cmd: translateComputeKernel
  api=14 insize=52154 outsize=108369 ok=1
Cmd: translateComputeKernel
  api=14 insize=11733 outsize=11984 ok=1
Cmd: translateComputeKernel
  api=14 insize=11733 outsize=11984 ok=1
Cmd: compileComputeKernel
  api=14 insize=3450 outsize=9528 ok=1
Cmd: translateComputeKernel
  api=14 insize=9528 outsize=11479 ok=1
Cmd: compileComputeKernel
  api=14 insize=22295 outsize=16409 ok=1
Cmd: translateComputeKernel
  api=14 insize=17670 outsize=36068 ok=1
Cmd: compileComputeKernel
  api=14 insize=2307 outsize=9619 ok=1
Cmd: translateComputeKernel
  api=14 insize=16196 outsize=26253 ok=1
Cmd: compileComputeKernel
  api=14 insize=8233 outsize=14545 ok=1
Cmd: translateComputeKernel
  api=14 insize=14618 outsize=25358 ok=1
Cmd: compileComputeKernel
  api=14 insize=6119 outsize=11809 ok=1
Cmd: translateComputeKernel
  api=14 insize=11299 outsize=13899 ok=1
Cmd: translateComputeKernel
  api=14 insize=2645 outsize=3670 ok=1
Cmd: compileComputeKernel
  api=14 insize=6745 outsize=1179 ok=1
Cmd: compileComputeKernel
  api=14 insize=6745 outsize=1375 ok=1
Cmd: compileComputeKernel
  api=14 insize=6745 outsize=11599 ok=1
Cmd: translateComputeKernel
  api=14 insize=11362 outsize=14213 ok=1
Cmd: translateComputeKernel
  api=14 insize=1619 outsize=1860 ok=1
Cmd: translateComputeKernel
  api=14 insize=11083 outsize=13418 ok=1
Cmd: translateComputeKernel
  api=14 insize=2428 outsize=4806 ok=1
Cmd: compileComputeKernel
  api=14 insize=26542 outsize=16225 ok=1
Cmd: compileComputeKernel
  api=14 insize=26542 outsize=18329 ok=1
Cmd: translateComputeKernel
  api=14 insize=15750 outsize=30983 ok=1
Cmd: compileComputeKernel
  api=14 insize=16295 outsize=25020 ok=1
Cmd: compileComputeKernel
  api=14 insize=16295 outsize=64046 ok=1
Cmd: compileComputeKernel
  api=14 insize=16295 outsize=74259 ok=1
Cmd: compileComputeKernel
  api=14 insize=16295 outsize=53367 ok=1
Cmd: compileComputeKernel
  api=14 insize=16295 outsize=61787 ok=1
Cmd: compileComputeKernel
  api=14 insize=16295 outsize=97880 ok=1
Cmd: compileComputeKernel
  api=14 insize=16295 outsize=101882 ok=1
Cmd: translateComputeKernel
  api=14 insize=137982 outsize=323600 ok=1
Cmd: translateComputeKernel
  api=14 insize=64493 outsize=130434 ok=1
Cmd: translateComputeKernel
  api=14 insize=56262 outsize=110423 ok=1
Cmd: translateComputeKernel
  api=14 insize=51036 outsize=97283 ok=1
Cmd: translateComputeKernel
  api=14 insize=124666 outsize=297559 ok=1
Cmd: compileComputeKernel
  api=14 insize=5893 outsize=7976 ok=1
Cmd: translateComputeKernel
  api=14 insize=7976 outsize=14425 ok=1
Cmd: compileComputeKernel
  api=14 insize=3916 outsize=10208 ok=1
Cmd: translateComputeKernel
  api=14 insize=10208 outsize=11856 ok=1
Cmd: translateComputeKernel
  api=14 insize=2075 outsize=2610 ok=1
Cmd: compileComputeKernel
  api=14 insize=11069 outsize=19111 ok=1
Cmd: compileComputeKernel
  api=14 insize=7589 outsize=6999 ok=1
Cmd: compileComputeKernel
  api=14 insize=10587 outsize=12007 ok=1
Cmd: translateComputeKernel
  api=14 insize=16497 outsize=24335 ok=1
Cmd: compileSnippet
  api=14 type=0 insize=7443 outsize=6660 kw=_NORMALMAP_TANGENT_SPACE pd=UNITY_ENABLE_REFLECTION_BUFFERS UNITY_USE_DITHER_MASK_FOR_ALPHABLENDED_SHADOWS UNITY_PBS_USE_BRDF1 UNITY_SPECCUBE_BOX_PROJECTION UNITY_SPECCUBE_BLENDING UNITY_ENABLE_DETAIL_NORMALMAP SHADER_API_DESKTOP UNITY_LIGHT_PROBE_PROXY_VOLUME UNITY_LIGHTMAP_FULL_HDR ok=1

Quitting shader compiler process
